<?xml version="1.0" encoding="UTF-8"?>
<testsuite name="com.example.SpringBoot.ApplicationTests" tests="1" skipped="0" failures="0" errors="0" timestamp="2024-01-19T08:04:17" hostname="QABO_TECH" time="1.294">
  <properties/>
  <testcase name="contextLoads()" classname="com.example.SpringBoot.ApplicationTests" time="1.294"/>
  <system-out><![CDATA[Standard Commons Logging discovery in action with spring-jcl: please remove commons-logging.jar from classpath in order to avoid potential conflicts
09:04:13.757 [Test worker] INFO org.springframework.test.context.support.AnnotationConfigContextLoaderUtils -- Could not detect default configuration classes for test class [com.example.SpringBoot.ApplicationTests]: ApplicationTests does not declare any static, non-private, non-final, nested classes annotated with @Configuration.
09:04:13.913 [Test worker] INFO org.springframework.boot.test.context.SpringBootTestContextBootstrapper -- Found @SpringBootConfiguration com.example.SpringBoot.SpringRun for test class com.example.SpringBoot.ApplicationTests

  .   ____          _            __ _ _
 /\\ / ___'_ __ _ _(_)_ __  __ _ \ \ \ \
( ( )\___ | '_ | '_| | '_ \/ _` | \ \ \ \
 \\/  ___)| |_)| | | | | || (_| |  ) ) ) )
  '  |____| .__|_| |_|_| |_\__, | / / / /
 =========|_|==============|___/=/_/_/_/
 :: Spring Boot ::                (v3.2.1)

2024-01-19T09:04:14.597+01:00  WARN 12796 --- [    Test worker] ory$DuplicateJsonObjectContextCustomizer : 

Found multiple occurrences of org.json.JSONObject on the class path:

	jar:file:/C:/Users/OmarA/.gradle/caches/modules-2/files-2.1/org.json/json/20180813/8566b2b0391d9d4479ea225645c6ed47ef17fe41/json-20180813.jar!/org/json/JSONObject.class
	jar:file:/C:/Users/OmarA/.gradle/caches/modules-2/files-2.1/com.vaadin.external.google/android-json/0.0.20131108.vaadin1/fa26d351fe62a6a17f5cda1287c1c6110dec413f/android-json-0.0.20131108.vaadin1.jar!/org/json/JSONObject.class

You may wish to exclude one of them to ensure predictable runtime behavior

2024-01-19T09:04:14.623+01:00  INFO 12796 --- [    Test worker] c.example.SpringBoot.ApplicationTests    : Starting ApplicationTests using Java 20.0.2 with PID 12796 (started by OmarA in C:\Java\AlowlaProject\Main\WebView)
2024-01-19T09:04:14.625+01:00  INFO 12796 --- [    Test worker] c.example.SpringBoot.ApplicationTests    : No active profile set, falling back to 1 default profile: "default"
Food [strMeal=Minced Beef Pie, strMealThumb=https://www.themealdb.com/images/media/meals/xwutvy1511555540.jpg]
2024-01-19T09:04:17.928+01:00  INFO 12796 --- [    Test worker] c.example.SpringBoot.ApplicationTests    : Started ApplicationTests in 3.684 seconds (process running for 5.067)
]]></system-out>
  <system-err><![CDATA[]]></system-err>
</testsuite>
